<?xml version="1.0" encoding="UTF-8"?>
<robot generator="Robot 7.3.2 (Python 3.9.6 on darwin)" generated="2025-08-08T15:49:47.925629" rpa="false" schemaversion="5">
<suite id="s1" name="Api Test" source="/Users/ssphitt/Desktop/Test-Automation/api_test.robot">
<test id="s1-t1" name="Test Cases 002" line="11">
<kw name="Create Dictionary" owner="BuiltIn">
<msg time="2025-08-08T15:49:48.000874" level="INFO">&amp;{user_data} = { id=20250808001 | username=Suphittt | firstName=Suphitcha | lastName=Thanakhamma | email=ssufortest@gmail.com | password=testerssu123 | phone=0612345678 | userStatus=1 }</msg>
<var>&amp;{user_data}</var>
<arg>id=${USER_ID}</arg>
<arg>username=${USERNAME}</arg>
<arg>firstName=Suphitcha</arg>
<arg>lastName=Thanakhamma</arg>
<arg>email=ssufortest@gmail.com</arg>
<arg>password=testerssu123</arg>
<arg>phone=0612345678</arg>
<arg>userStatus=1</arg>
<doc>Creates and returns a dictionary based on the given ``items``.</doc>
<status status="PASS" start="2025-08-08T15:49:48.000469" elapsed="0.000432"/>
</kw>
<kw name="Create Dictionary" owner="BuiltIn">
<msg time="2025-08-08T15:49:48.001232" level="INFO">&amp;{request_headers} = { Content-Type=application/json }</msg>
<var>&amp;{request_headers}</var>
<arg>Content-Type=application/json</arg>
<doc>Creates and returns a dictionary based on the given ``items``.</doc>
<status status="PASS" start="2025-08-08T15:49:48.001090" elapsed="0.000162"/>
</kw>
<kw name="Create Session" owner="RequestsLibrary">
<msg time="2025-08-08T15:49:48.001444" level="INFO">Creating Session using : alias=petstore_session, url=https://petstore.swagger.io/v2, headers={},                     cookies={}, auth=None, timeout=None, proxies=None, verify=False,                     debug=0 </msg>
<arg>petstore_session</arg>
<arg>${BASE_URL}</arg>
<doc>Create Session: create a HTTP session to a server</doc>
<status status="PASS" start="2025-08-08T15:49:48.001342" elapsed="0.000223"/>
</kw>
<kw name="POST On Session" owner="RequestsLibrary">
<msg time="2025-08-08T15:49:50.051796" level="INFO">POST Request : url=https://petstore.swagger.io/v2/user 
 path_url=/v2/user 
 headers={'User-Agent': 'python-requests/2.32.4', 'Accept-Encoding': 'gzip, deflate', 'Accept': '*/*', 'Connection': 'keep-alive', 'Content-Type': 'application/json', 'Content-Length': '201'} 
 body=b'{"id": "20250808001", "username": "Suphittt", "firstName": "Suphitcha", "lastName": "Thanakhamma", "email": "ssufortest@gmail.com", "password": "testerssu123", "phone": "0612345678", "userStatus": "1"}' 
 </msg>
<msg time="2025-08-08T15:49:50.051936" level="INFO">POST Response : url=https://petstore.swagger.io/v2/user 
 status=200, reason=OK 
 headers={'Date': 'Fri, 08 Aug 2025 08:49:49 GMT', 'Content-Type': 'application/json', 'Transfer-Encoding': 'chunked', 'Connection': 'keep-alive', 'Access-Control-Allow-Origin': '*', 'Access-Control-Allow-Methods': 'GET, POST, DELETE, PUT', 'Access-Control-Allow-Headers': 'Content-Type, api_key, Authorization', 'Server': 'Jetty(9.2.9.v20150224)'} 
 body={"code":200,"type":"unknown","message":"20250808001"} 
 </msg>
<msg time="2025-08-08T15:49:50.052023" level="INFO">/Users/ssphitt/Desktop/Test-Automation/venv/lib/python3.9/site-packages/urllib3/connectionpool.py:1097: InsecureRequestWarning: Unverified HTTPS request is being made to host 'petstore.swagger.io'. Adding certificate verification is strongly advised. See: https://urllib3.readthedocs.io/en/latest/advanced-usage.html#tls-warnings
  warnings.warn(</msg>
<msg time="2025-08-08T15:49:50.052197" level="INFO">${response} = &lt;Response [200]&gt;</msg>
<var>${response}</var>
<arg>alias=petstore_session</arg>
<arg>url=/user</arg>
<arg>json=${user_data}</arg>
<arg>headers=&amp;{request_headers}</arg>
<doc>Sends a POST request on a previously created HTTP Session.</doc>
<status status="PASS" start="2025-08-08T15:49:48.001647" elapsed="2.050587"/>
</kw>
<kw name="Should Be Equal As Strings" owner="BuiltIn">
<msg time="2025-08-08T15:49:50.053147" level="INFO">Argument types are:
&lt;class 'int'&gt;
&lt;class 'str'&gt;</msg>
<arg>${response.status_code}</arg>
<arg>200</arg>
<doc>Fails if objects are unequal after converting them to strings.</doc>
<status status="PASS" start="2025-08-08T15:49:50.052511" elapsed="0.000710"/>
</kw>
<kw name="Set Variable" owner="BuiltIn">
<msg time="2025-08-08T15:49:50.054002" level="INFO">${response_body} = {'code': 200, 'type': 'unknown', 'message': '20250808001'}</msg>
<var>${response_body}</var>
<arg>${response.json()}</arg>
<doc>Returns the given values which can then be assigned to a variables.</doc>
<status status="PASS" start="2025-08-08T15:49:50.053394" elapsed="0.000642"/>
</kw>
<kw name="Get From Dictionary" owner="Collections">
<msg time="2025-08-08T15:49:50.054422" level="INFO">${message} = 20250808001</msg>
<var>${message}</var>
<arg>${response_body}</arg>
<arg>message</arg>
<doc>Returns a value from the given ``dictionary`` based on the given ``key``.</doc>
<status status="PASS" start="2025-08-08T15:49:50.054198" elapsed="0.000254"/>
</kw>
<kw name="Should Be Equal As Strings" owner="BuiltIn">
<arg>${message}</arg>
<arg>${USER_ID}</arg>
<doc>Fails if objects are unequal after converting them to strings.</doc>
<status status="PASS" start="2025-08-08T15:49:50.054609" elapsed="0.000227"/>
</kw>
<doc>ทดสอบการสร้าง user ใหม่และตรวจสอบ response</doc>
<tag>API</tag>
<status status="PASS" start="2025-08-08T15:49:47.999507" elapsed="2.055497"/>
</test>
<status status="PASS" start="2025-08-08T15:49:47.926545" elapsed="2.128916"/>
</suite>
<statistics>
<total>
<stat pass="1" fail="0" skip="0">All Tests</stat>
</total>
<tag>
<stat pass="1" fail="0" skip="0">API</stat>
</tag>
<suite>
<stat name="Api Test" id="s1" pass="1" fail="0" skip="0">Api Test</stat>
</suite>
</statistics>
<errors>
</errors>
</robot>
